SKIP Sun Jul 12 16:33:03 UTC 2026 - market closed
RUN Mon Jul 13 15:38:04 UTC 2026 - market open, downloading
RUN Mon Jul 13 17:47:28 UTC 2026 - market open, downloading
RUN Mon Jul 13 19:08:16 UTC 2026 - market open, downloading
SKIP Mon Jul 13 20:37:23 UTC 2026 - market closed
SKIP Mon Jul 13 21:42:08 UTC 2026 - market closed
RUN Tue Jul 14 14:41:50 UTC 2026 - market open, downloading
RUN Tue Jul 14 16:07:22 UTC 2026 - market open, downloading
RUN Tue Jul 14 17:38:35 UTC 2026 - market open, downloading
RUN Tue Jul 14 18:57:31 UTC 2026 - market open, downloading
SKIP Tue Jul 14 20:06:26 UTC 2026 - market closed
SKIP Tue Jul 14 21:28:10 UTC 2026 - market closed
SKIP Tue Jul 14 22:29:21 UTC 2026 - market closed
RUN Wed Jul 15 14:31:19 UTC 2026 - market open, downloading
RUN Wed Jul 15 16:12:03 UTC 2026 - market open, downloading
RUN Wed Jul 15 17:42:54 UTC 2026 - market open, downloading
RUN Wed Jul 15 18:50:45 UTC 2026 - market open, downloading
RUN Wed Jul 15 19:59:45 UTC 2026 - market open, downloading
SKIP Wed Jul 15 20:59:08 UTC 2026 - market closed
SKIP Wed Jul 15 21:57:00 UTC 2026 - market closed
SKIP Thu Jul 16 05:58:25 UTC 2026 - market closed
RUN Thu Jul 16 14:51:36 UTC 2026 - market open, downloading
RUN Thu Jul 16 15:02:26 UTC 2026 - download complete
RUN Thu Jul 16 15:20:49 UTC 2026 - market open, downloading
RUN Thu Jul 16 15:31:41 UTC 2026 - download complete
RUN Thu Jul 16 16:08:33 UTC 2026 - market open, downloading
RUN Thu Jul 16 16:19:24 UTC 2026 - download complete
RUN Thu Jul 16 17:44:38 UTC 2026 - market open, downloading
RUN Thu Jul 16 17:55:26 UTC 2026 - download complete
RUN Thu Jul 16 18:52:23 UTC 2026 - market open, downloading
RUN Thu Jul 16 19:03:14 UTC 2026 - download complete
RUN Thu Jul 16 19:54:10 UTC 2026 - market open, downloading
RUN Thu Jul 16 20:05:01 UTC 2026 - download complete
SKIP Thu Jul 16 20:42:04 UTC 2026 - market closed
SKIP Thu Jul 16 21:53:06 UTC 2026 - market closed
RUN Fri Jul 17 14:23:30 UTC 2026 - market open, downloading
RUN Fri Jul 17 14:34:21 UTC 2026 - download complete
RUN Fri Jul 17 15:51:43 UTC 2026 - market open, downloading
RUN Fri Jul 17 16:02:33 UTC 2026 - download complete
RUN Fri Jul 17 16:56:37 UTC 2026 - market open, downloading
RUN Fri Jul 17 17:07:28 UTC 2026 - download complete
RUN Fri Jul 17 17:57:24 UTC 2026 - market open, downloading
RUN Fri Jul 17 18:08:15 UTC 2026 - download complete
RUN Fri Jul 17 18:56:08 UTC 2026 - market open, downloading
RUN Fri Jul 17 19:06:59 UTC 2026 - download complete
RUN Fri Jul 17 19:23:25 UTC 2026 - market open, downloading
RUN Fri Jul 17 19:34:15 UTC 2026 - download complete
RUN Fri Jul 17 19:57:37 UTC 2026 - market open, downloading
RUN Fri Jul 17 20:08:27 UTC 2026 - download complete
SKIP Fri Jul 17 20:25:47 UTC 2026 - market closed
SKIP Fri Jul 17 20:35:08 UTC 2026 - market closed
SKIP Fri Jul 17 20:44:54 UTC 2026 - market closed
SKIP Fri Jul 17 21:15:34 UTC 2026 - market closed
SKIP Fri Jul 17 21:38:44 UTC 2026 - market closed
SKIP Fri Jul 17 21:39:32 UTC 2026 - market closed
RUN Mon Jul 20 15:02:05 UTC 2026 - market open, downloading
RUN Mon Jul 20 15:03:17 UTC 2026 - download complete
RUN Mon Jul 20 16:26:03 UTC 2026 - market open, downloading
RUN Mon Jul 20 16:27:38 UTC 2026 - download complete
RUN Mon Jul 20 18:27:46 UTC 2026 - market open, downloading
RUN Mon Jul 20 18:28:57 UTC 2026 - download complete
SKIP Wed Jul 22 05:55:58 UTC 2026 - market closed
SKIP Wed Jul 22 13:00:47 UTC 2026 - market closed
RUN Wed Jul 22 13:32:13 UTC 2026 - market open, downloading
RUN Wed Jul 22 13:33:47 UTC 2026 - download complete
RUN Wed Jul 22 14:02:10 UTC 2026 - market open, downloading
RUN Wed Jul 22 14:03:33 UTC 2026 - download complete
RUN Wed Jul 22 14:32:22 UTC 2026 - market open, downloading
RUN Wed Jul 22 14:34:01 UTC 2026 - download complete
RUN Wed Jul 22 15:02:16 UTC 2026 - market open, downloading
RUN Wed Jul 22 15:03:39 UTC 2026 - download complete
RUN Wed Jul 22 15:32:15 UTC 2026 - market open, downloading
RUN Wed Jul 22 15:33:40 UTC 2026 - download complete
RUN Wed Jul 22 16:02:00 UTC 2026 - market open, downloading
RUN Wed Jul 22 16:03:39 UTC 2026 - download complete
RUN Wed Jul 22 16:32:16 UTC 2026 - market open, downloading
RUN Wed Jul 22 16:33:56 UTC 2026 - download complete
RUN Wed Jul 22 17:02:17 UTC 2026 - market open, downloading
RUN Wed Jul 22 17:03:37 UTC 2026 - download complete
RUN Wed Jul 22 17:32:21 UTC 2026 - market open, downloading
RUN Wed Jul 22 17:33:42 UTC 2026 - download complete
RUN Wed Jul 22 18:02:08 UTC 2026 - market open, downloading
RUN Wed Jul 22 18:03:28 UTC 2026 - download complete
RUN Wed Jul 22 18:31:56 UTC 2026 - market open, downloading
RUN Wed Jul 22 18:33:33 UTC 2026 - download complete
RUN Wed Jul 22 19:02:10 UTC 2026 - market open, downloading
RUN Wed Jul 22 19:03:35 UTC 2026 - download complete
RUN Wed Jul 22 19:32:18 UTC 2026 - market open, downloading
RUN Wed Jul 22 19:33:50 UTC 2026 - download complete
SKIP Wed Jul 22 20:00:47 UTC 2026 - market closed
SKIP Wed Jul 22 20:30:46 UTC 2026 - market closed
SKIP Wed Jul 22 21:05:43 UTC 2026 - market closed
SKIP Wed Jul 22 21:30:54 UTC 2026 - market closed
SKIP Thu Jul 23 08:11:55 UTC 2026 - market closed
SKIP Thu Jul 23 08:12:48 UTC 2026 - market closed
SKIP Thu Jul 23 08:13:46 UTC 2026 - market closed
SKIP Thu Jul 23 09:04:32 UTC 2026 - market closed
SKIP Thu Jul 23 13:00:49 UTC 2026 - market closed
SKIP Thu Jul 23 13:10:46 UTC 2026 - market closed
SKIP Thu Jul 23 13:20:49 UTC 2026 - market closed
RUN Thu Jul 23 13:42:15 UTC 2026 - market open, downloading
RUN Thu Jul 23 13:43:46 UTC 2026 - download complete
RUN Thu Jul 23 14:01:15 UTC 2026 - market open, downloading
RUN Thu Jul 23 14:02:48 UTC 2026 - download complete
RUN Thu Jul 23 14:31:02 UTC 2026 - market open, downloading
RUN Thu Jul 23 14:32:25 UTC 2026 - download complete
RUN Thu Jul 23 14:45:01 UTC 2026 - market open, downloading
RUN Thu Jul 23 14:46:29 UTC 2026 - download complete
RUN Thu Jul 23 14:55:27 UTC 2026 - market open, downloading
RUN Thu Jul 23 14:56:40 UTC 2026 - download complete
RUN Thu Jul 23 15:01:11 UTC 2026 - market open, downloading
RUN Thu Jul 23 15:02:26 UTC 2026 - download complete
RUN Thu Jul 23 15:12:42 UTC 2026 - market open, downloading
RUN Thu Jul 23 15:13:59 UTC 2026 - download complete
RUN Thu Jul 23 15:21:09 UTC 2026 - market open, downloading
RUN Thu Jul 23 15:22:21 UTC 2026 - download complete
RUN Thu Jul 23 15:31:15 UTC 2026 - market open, downloading
RUN Thu Jul 23 15:32:43 UTC 2026 - download complete
RUN Thu Jul 23 15:42:40 UTC 2026 - market open, downloading
RUN Thu Jul 23 15:44:17 UTC 2026 - download complete
RUN Thu Jul 23 15:51:13 UTC 2026 - market open, downloading
RUN Thu Jul 23 15:52:26 UTC 2026 - download complete
RUN Thu Jul 23 16:02:19 UTC 2026 - market open, downloading
RUN Thu Jul 23 16:03:51 UTC 2026 - download complete
RUN Thu Jul 23 16:11:27 UTC 2026 - market open, downloading
RUN Thu Jul 23 16:13:07 UTC 2026 - download complete
RUN Thu Jul 23 16:21:12 UTC 2026 - market open, downloading
RUN Thu Jul 23 16:22:25 UTC 2026 - download complete
RUN Thu Jul 23 16:31:46 UTC 2026 - market open, downloading
RUN Thu Jul 23 16:33:00 UTC 2026 - download complete
RUN Thu Jul 23 16:41:18 UTC 2026 - market open, downloading
RUN Thu Jul 23 16:42:31 UTC 2026 - download complete
RUN Thu Jul 23 16:51:08 UTC 2026 - market open, downloading
RUN Thu Jul 23 16:52:20 UTC 2026 - download complete
RUN Thu Jul 23 17:03:20 UTC 2026 - market open, downloading
RUN Thu Jul 23 17:04:40 UTC 2026 - download complete
RUN Thu Jul 23 17:11:12 UTC 2026 - market open, downloading
RUN Thu Jul 23 17:12:24 UTC 2026 - download complete
RUN Thu Jul 23 17:21:04 UTC 2026 - market open, downloading
RUN Thu Jul 23 17:22:21 UTC 2026 - download complete
RUN Thu Jul 23 17:31:18 UTC 2026 - market open, downloading
RUN Thu Jul 23 17:32:44 UTC 2026 - download complete
RUN Thu Jul 23 17:41:13 UTC 2026 - market open, downloading
RUN Thu Jul 23 17:42:42 UTC 2026 - download complete
RUN Thu Jul 23 17:51:04 UTC 2026 - market open, downloading
RUN Thu Jul 23 17:52:18 UTC 2026 - download complete
RUN Thu Jul 23 18:01:17 UTC 2026 - market open, downloading
RUN Thu Jul 23 18:02:47 UTC 2026 - download complete
